<?xml version="1.0" encoding="UTF-8"?>
<!-- Generated by org.testng.reporters.JUnitXMLReporter -->
<testsuite ignored="0" hostname="DESKTOP-M99DP50" failures="0" tests="6" name="Surefire test" time="0.09" errors="0" timestamp="2021-05-18T13:59:41 IST">
  <testcase classname="qaclickcademy.Mavenjava.AppiumTest" name="IOSapps" time="0.008"/>
  <testcase classname="qaclickcademy.Mavenjava.AppiumTest" name="Nativeappandroid" time="0.001"/>
  <testcase classname="qaclickcademy.Mavenjava.RestAPITest" name="DEletetwitter" time="0.002"/>
  <testcase classname="qaclickcademy.Mavenjava.RestAPITest" name="Postjira" time="0.002"/>
  <testcase classname="qaclickcademy.Mavenjava.SeleniumTest" name="BrowserAutomation" time="0.001"/>
  <testcase classname="qaclickcademy.Mavenjava.SeleniumTest" name="elementsUi" time="0.0"/>
</testsuite> <!-- Surefire test -->
