<?xml version="1.0" encoding="UTF-8"?>
<!-- Generated by org.testng.reporters.JUnitXMLReporter -->
<testsuite ignored="0" hostname="DESKTOP-M99DP50" failures="0" tests="4" name="Test" time="0.079" errors="0" timestamp="2021-05-18T15:37:22 IST">
  <testcase classname="qaclickcademy.Mavenjava.RestAPITest" name="DEletetwitter" time="0.005"/>
  <testcase classname="qaclickcademy.Mavenjava.RestAPITest" name="Postjira" time="0.0"/>
  <testcase classname="qaclickcademy.Mavenjava.SeleniumTest" name="BrowserAutomation" time="0.0"/>
  <testcase classname="qaclickcademy.Mavenjava.SeleniumTest" name="elementsUi" time="0.0"/>
</testsuite> <!-- Test -->
