<?xml version="1.0" encoding="UTF-8"?>
<testng-results ignored="0" total="4" passed="4" failed="0" skipped="0">
  <reporter-output>
  </reporter-output>
  <suite started-at="2021-05-18T15:37:22 IST" name="Suite" finished-at="2021-05-18T15:37:22 IST" duration-ms="79">
    <groups>
    </groups>
    <test started-at="2021-05-18T15:37:22 IST" name="Test" finished-at="2021-05-18T15:37:22 IST" duration-ms="79">
      <class name="qaclickcademy.Mavenjava.RestAPITest">
        <test-method signature="DEletetwitter()[pri:0, instance:qaclickcademy.Mavenjava.RestAPITest@75329a49]" started-at="2021-05-18T15:37:22 IST" name="DEletetwitter" finished-at="2021-05-18T15:37:22 IST" duration-ms="5" status="PASS">
          <reporter-output>
          </reporter-output>
        </test-method> <!-- DEletetwitter -->
        <test-method signature="Postjira()[pri:0, instance:qaclickcademy.Mavenjava.RestAPITest@75329a49]" started-at="2021-05-18T15:37:22 IST" name="Postjira" finished-at="2021-05-18T15:37:22 IST" duration-ms="0" status="PASS">
          <reporter-output>
          </reporter-output>
        </test-method> <!-- Postjira -->
      </class> <!-- qaclickcademy.Mavenjava.RestAPITest -->
      <class name="qaclickcademy.Mavenjava.SeleniumTest">
        <test-method signature="BrowserAutomation()[pri:0, instance:qaclickcademy.Mavenjava.SeleniumTest@48aaecc3]" started-at="2021-05-18T15:37:22 IST" name="BrowserAutomation" finished-at="2021-05-18T15:37:22 IST" duration-ms="0" status="PASS">
          <reporter-output>
          </reporter-output>
        </test-method> <!-- BrowserAutomation -->
        <test-method signature="elementsUi()[pri:0, instance:qaclickcademy.Mavenjava.SeleniumTest@48aaecc3]" started-at="2021-05-18T15:37:22 IST" name="elementsUi" finished-at="2021-05-18T15:37:22 IST" duration-ms="0" status="PASS">
          <reporter-output>
          </reporter-output>
        </test-method> <!-- elementsUi -->
      </class> <!-- qaclickcademy.Mavenjava.SeleniumTest -->
    </test> <!-- Test -->
  </suite> <!-- Suite -->
</testng-results>
